<?xml version="1.0" encoding="UTF-8"?>
<!-- Generated by org.testng.reporters.JUnitReportReporter -->
<testsuite skipped="0" hostname="HYDPCM144977L" name="SmokeTests.LoginTest" tests="1" failures="0" timestamp="06 Sep 2019 03:51:24 GMT" time="38.975" errors="0">
  <testcase name="testMethod1" time="38.975" classname="SmokeTests.LoginTest"/>
</testsuite> <!-- SmokeTests.LoginTest -->
