<?xml version="1.0" encoding="UTF-8"?>
<!-- Generated by org.testng.reporters.JUnitReportReporter -->
<testsuite skipped="0" hostname="HYDPCM144977L" name="SmokeTests.AddtoCartTest" tests="1" failures="0" timestamp="06 Sep 2019 06:49:08 GMT" time="47.110" errors="0">
  <testcase name="TC1" time="47.110" classname="SmokeTests.AddtoCartTest"/>
</testsuite> <!-- SmokeTests.AddtoCartTest -->
