<?xml version="1.0" encoding="UTF-8"?>
<!-- Generated by org.testng.reporters.JUnitReportReporter -->
<testsuite skipped="0" hostname="HYDPCM144977L" name="SmokeTests.ValidateCartTest" tests="1" failures="0" timestamp="09 Sep 2019 06:26:17 GMT" time="49.251" errors="0">
  <testcase name="TC1" time="49.251" classname="SmokeTests.ValidateCartTest"/>
</testsuite> <!-- SmokeTests.ValidateCartTest -->
