<?xml version="1.0" encoding="UTF-8"?>
<!-- Generated by org.testng.reporters.JUnitReportReporter -->
<testsuite skipped="0" hostname="HYDPCM144977L" name="SmokeTests.RemoveItemFromCartTest" tests="1" failures="0" timestamp="07 Sep 2019 11:13:16 GMT" time="47.321" errors="0">
  <testcase name="TC1" time="47.321" classname="SmokeTests.RemoveItemFromCartTest"/>
</testsuite> <!-- SmokeTests.RemoveItemFromCartTest -->
