<?xml version="1.0" encoding="UTF-8"?>
<!-- Generated by org.testng.reporters.JUnitReportReporter -->
<testsuite skipped="0" hostname="HYDPCM144977L" name="SmokeTests.AddtoCartTest" tests="1" failures="0" timestamp="08 Sep 2019 03:01:07 GMT" time="68.063" errors="0">
  <testcase name="TC1" time="68.063" classname="SmokeTests.AddtoCartTest"/>
</testsuite> <!-- SmokeTests.AddtoCartTest -->
