<?xml version="1.0" encoding="UTF-8"?>
<!-- Generated by org.testng.reporters.JUnitReportReporter -->
<testsuite hostname="HYDPCM144977L" failures="0" tests="1" name="SmokeTests.RemoveItemFromCartTest" time="63.275" errors="0" timestamp="9 Sep 2019 15:37:59 GMT">
  <testcase classname="SmokeTests.RemoveItemFromCartTest" name="TC1" time="63.275"/>
</testsuite> <!-- SmokeTests.RemoveItemFromCartTest -->
