<?xml version="1.0" encoding="UTF-8"?>
<!-- Generated by org.testng.reporters.JUnitReportReporter -->
<testsuite hostname="HYDPCM144977L" name="SmokeTests.AddtoCartTest" tests="1" failures="0" timestamp="6 Sep 2019 07:35:04 GMT" time="44.289" errors="0">
  <testcase name="TC1" time="44.289" classname="SmokeTests.AddtoCartTest"/>
</testsuite> <!-- SmokeTests.AddtoCartTest -->
