<?xml version="1.0" encoding="UTF-8"?>
<!-- Generated by org.testng.reporters.JUnitReportReporter -->
<testsuite hostname="HYDPCM144977L" name="SmokeTests.AddtoCartTest" tests="1" failures="0" timestamp="6 Sep 2019 11:53:05 GMT" time="44.313" errors="0">
  <testcase name="TC1" time="44.313" classname="SmokeTests.AddtoCartTest"/>
</testsuite> <!-- SmokeTests.AddtoCartTest -->
